[handleMsg]:  Message {
  _data: {
    id: {
      fromMe: false,
      remote: '573203674613@c.us',
      id: 'B351F621949A8052AC714500FEF00EB0',
      _serialized: 'false_573203674613@c.us_B351F621949A8052AC714500FEF00EB0'
    },
    viewed: false,
    body: '1',
    type: 'chat',
    t: 1728690247,
    notifyName: 'Roque Parada',
    from: '573203674613@c.us',
    to: '34633021953@c.us',
    ack: 1,
    invis: false,
    isNewMsg: true,
    star: false,
    kicNotified: false,
    recvFresh: true,
    isFromTemplate: false,
    pollInvalidated: false,
    isSentCagPollCreation: false,
    latestEditMsgKey: null,
    latestEditSenderTimestampMs: null,
    mentionedJidList: [],
    groupMentions: [],
    isEventCanceled: false,
    eventInvalidated: false,
    isVcardOverMmsDocument: false,
    isForwarded: false,
    labels: [],
    hasReaction: false,
    viewMode: 'VISIBLE',
    messageSecret: {
      '0': 222,
      '1': 211,
      '2': 107,
      '3': 173,
      '4': 136,
      '5': 166,
      '6': 231,
      '7': 170,
      '8': 70,
      '9': 195,
      '10': 64,
      '11': 87,
      '12': 136,
      '13': 21,
      '14': 39,
      '15': 185,
      '16': 222,
      '17': 85,
      '18': 126,
      '19': 183,
      '20': 85,
      '21': 194,
      '22': 168,
      '23': 29,
      '24': 76,
      '25': 54,
      '26': 39,
      '27': 255,
      '28': 162,
      '29': 255,
      '30': 204,
      '31': 130
    },
    productHeaderImageRejected: false,
    lastPlaybackProgress: 0,
    isDynamicReplyButtonsMsg: false,
    isCarouselCard: false,
    parentMsgId: null,
    isMdHistoryMsg: false,
    stickerSentTs: 0,
    isAvatar: false,
    lastUpdateFromServerTs: 0,
    invokedBotWid: null,
    bizBotType: null,
    botResponseTargetId: null,
    botPluginType: null,
    botPluginReferenceIndex: null,
    botPluginSearchProvider: null,
    botPluginSearchUrl: null,
    botPluginSearchQuery: null,
    botPluginMaybeParent: false,
    botReelPluginThumbnailCdnUrl: null,
    botMsgBodyType: null,
    requiresDirectConnection: null,
    bizContentPlaceholderType: null,
    hostedBizEncStateMismatch: false,
    senderOrRecipientAccountTypeHosted: false,
    placeholderCreatedWhenAccountIsHosted: false,
    links: []
  },
  mediaKey: undefined,
  id: {
    fromMe: false,
    remote: '573203674613@c.us',
    id: 'B351F621949A8052AC714500FEF00EB0',
    _serialized: 'false_573203674613@c.us_B351F621949A8052AC714500FEF00EB0'
  },
  ack: 1,
  hasMedia: false,
  body: '1',
  type: 'chat',
  timestamp: 1728690247,
  from: '573203674613',
  to: '34633021953@c.us',
  author: undefined,
  deviceType: 'android',
  isForwarded: false,
  forwardingScore: 0,
  isStatus: false,
  isStarred: false,
  broadcast: undefined,
  fromMe: false,
  hasQuotedMsg: false,
  hasReaction: false,
  duration: undefined,
  location: undefined,
  vCards: [],
  inviteV4: undefined,
  mentionedIds: [],
  groupMentions: [],
  orderId: undefined,
  token: undefined,
  isGif: false,
  isEphemeral: undefined,
  links: []
}
[QUEUE_SE_ENVIO]:  {
  ref: 'ans_4f7c4191-adcb-4177-af63-f84dd4854641',
  keyword: 'key_7891395e-4996-4122-9c3c-c7f463da7611',
  answer: 'Nuestro horario es:\n' +
    'Lunes a Viernes de 8:00am a 5:00pm\n' +
    'Sábados de 8:00am a 1:00pm🇻🇪🏦',
  options: {
    media: null,
    buttons: [],
    capture: false,
    child: null,
    delay: 0,
    idle: null,
    ref: null,
    nested: [],
    keyword: {},
    callback: false
  },
  refSerialize: '36bcc3d656fef77ef25b73f39a21f750'
}
[handleMsg]:  Message {
  _data: {
    id: {
      fromMe: false,
      remote: '573203674613@c.us',
      id: '3F591DD1C7698B63EE5F39538A06C298',
      _serialized: 'false_573203674613@c.us_3F591DD1C7698B63EE5F39538A06C298'
    },
    viewed: false,
    body: '10',
    type: 'chat',
    t: 1728690251,
    notifyName: 'Roque Parada',
    from: '573203674613@c.us',
    to: '34633021953@c.us',
    ack: 1,
    invis: false,
    isNewMsg: true,
    star: false,
    kicNotified: false,
    recvFresh: true,
    isFromTemplate: false,
    pollInvalidated: false,
    isSentCagPollCreation: false,
    latestEditMsgKey: null,
    latestEditSenderTimestampMs: null,
    mentionedJidList: [],
    groupMentions: [],
    isEventCanceled: false,
    eventInvalidated: false,
    isVcardOverMmsDocument: false,
    isForwarded: false,
    labels: [],
    hasReaction: false,
    viewMode: 'VISIBLE',
    messageSecret: {
      '0': 46,
      '1': 232,
      '2': 25,
      '3': 192,
      '4': 90,
      '5': 115,
      '6': 104,
      '7': 113,
      '8': 131,
      '9': 164,
      '10': 13,
      '11': 40,
      '12': 185,
      '13': 182,
      '14': 171,
      '15': 174,
      '16': 136,
      '17': 112,
      '18': 140,
      '19': 230,
      '20': 45,
      '21': 224,
      '22': 103,
      '23': 216,
      '24': 240,
      '25': 48,
      '26': 37,
      '27': 4,
      '28': 11,
      '29': 85,
      '30': 146,
      '31': 136
    },
    productHeaderImageRejected: false,
    lastPlaybackProgress: 0,
    isDynamicReplyButtonsMsg: false,
    isCarouselCard: false,
    parentMsgId: null,
    isMdHistoryMsg: false,
    stickerSentTs: 0,
    isAvatar: false,
    lastUpdateFromServerTs: 0,
    invokedBotWid: null,
    bizBotType: null,
    botResponseTargetId: null,
    botPluginType: null,
    botPluginReferenceIndex: null,
    botPluginSearchProvider: null,
    botPluginSearchUrl: null,
    botPluginSearchQuery: null,
    botPluginMaybeParent: false,
    botReelPluginThumbnailCdnUrl: null,
    botMsgBodyType: null,
    requiresDirectConnection: null,
    bizContentPlaceholderType: null,
    hostedBizEncStateMismatch: false,
    senderOrRecipientAccountTypeHosted: false,
    placeholderCreatedWhenAccountIsHosted: false,
    links: []
  },
  mediaKey: undefined,
  id: {
    fromMe: false,
    remote: '573203674613@c.us',
    id: '3F591DD1C7698B63EE5F39538A06C298',
    _serialized: 'false_573203674613@c.us_3F591DD1C7698B63EE5F39538A06C298'
  },
  ack: 1,
  hasMedia: false,
  body: '10',
  type: 'chat',
  timestamp: 1728690251,
  from: '573203674613',
  to: '34633021953@c.us',
  author: undefined,
  deviceType: 'android',
  isForwarded: false,
  forwardingScore: 0,
  isStatus: false,
  isStarred: false,
  broadcast: undefined,
  fromMe: false,
  hasQuotedMsg: false,
  hasReaction: false,
  duration: undefined,
  location: undefined,
  vCards: [],
  inviteV4: undefined,
  mentionedIds: [],
  groupMentions: [],
  orderId: undefined,
  token: undefined,
  isGif: false,
  isEphemeral: undefined,
  links: []
}
[QUEUE_SE_ENVIO]:  {
  ref: 'ans_c5ccf1a4-8a7e-4227-97fd-ab81c602f7dd',
  keyword: 'key_60b6713e-78b7-46e2-b531-620edcc1b4d0',
  answer: '¡Puedes enviar dinero desde cualquier país del mundo! 🌍💸 EnviaPago está disponible globalmente para facilitar tus transacciones.',
  options: {
    media: null,
    buttons: [],
    capture: false,
    child: null,
    delay: 0,
    idle: null,
    ref: null,
    nested: [],
    keyword: {},
    callback: false
  },
  refSerialize: '0143bfc625a1834082f7a189c1582811'
}
